0 info it worked if it ends with ok
1 verbose cli [ '/usr/local/Cellar/node/5.0.0/bin/node',
1 verbose cli   '/usr/local/bin/npm',
1 verbose cli   'publish' ]
2 info using npm@3.3.9
3 info using node@v5.0.0
4 verbose publish [ '.' ]
5 silly cache add args [ '.', null ]
6 verbose cache add spec .
7 silly cache add parsed spec Result {
7 silly cache add   raw: '.',
7 silly cache add   scope: null,
7 silly cache add   name: null,
7 silly cache add   rawSpec: '.',
7 silly cache add   spec: '/Users/Adrian/testing/angularoid',
7 silly cache add   type: 'directory' }
8 verbose addLocalDirectory /Users/Adrian/.npm/angularoid/0.0.4/package.tgz not in flight; packing
9 info lifecycle angularoid@0.0.4~prepublish: angularoid@0.0.4
10 silly lifecycle angularoid@0.0.4~prepublish: no script for prepublish, continuing
11 verbose tar pack [ '/Users/Adrian/.npm/angularoid/0.0.4/package.tgz',
11 verbose tar pack   '/Users/Adrian/testing/angularoid' ]
12 verbose tarball /Users/Adrian/.npm/angularoid/0.0.4/package.tgz
13 verbose folder /Users/Adrian/testing/angularoid
14 verbose addLocalTarball adding from inside cache /Users/Adrian/.npm/angularoid/0.0.4/package.tgz
15 silly cache afterAdd angularoid@0.0.4
16 verbose afterAdd /Users/Adrian/.npm/angularoid/0.0.4/package/package.json not in flight; writing
17 verbose afterAdd /Users/Adrian/.npm/angularoid/0.0.4/package/package.json written
18 silly publish { preferGlobal: true,
18 silly publish   name: 'angularoid',
18 silly publish   version: '0.0.4',
18 silly publish   description: 'Angularoid ==========',
18 silly publish   main: 'index.js',
18 silly publish   bin: { angularoid: 'index.js' },
18 silly publish   scripts: { test: 'echo "Error: no test specified" && exit 1' },
18 silly publish   author: '',
18 silly publish   license: 'ISC',
18 silly publish   dependencies:
18 silly publish    { camelcase: '^2.1.1',
18 silly publish      capitalize: '^1.0.0',
18 silly publish      chalk: '^1.1.3',
18 silly publish      glob: '^7.0.3',
18 silly publish      jsdom: '^8.2.0',
18 silly publish      mkdirp: '^0.5.1',
18 silly publish      yargs: '^4.3.2' },
18 silly publish   readme: 'Angularoid\n==========\n\nA word of warning\n-----------------\n\nThis project is not production ready.\n\nMotivation\n----------\n\nThis module aims to improve the interoperability between AngularJS 1.0 and CommonJS Modules\nand reduce the amount of boilerplate code that you have to write.\n\nExport modules like you would normally and angularoid will determine the type of the file by\nits name. Assign the function to module.exports and name the file\n`\\*.controller|service|factory|...|.js`. Angularoid will then create one entry file that you\ncan require in your app.\n\nUsage\n-----\n\nangularoid --source [source folder] --dest [destination folder] --entry [entry file for including]\nin your app.\n\nFeatures\n--------\n\n* No more angular.module boilerplate when you already have a module system.\n* Dependency injection is made minification safe.\n* No need to require all files manually.\n* Simplified testing with CommonJS modules.\n* Angular is automatically required at the beginning of the sourced files.\n',
18 silly publish   readmeFilename: 'README.md',
18 silly publish   gitHead: 'f34b8d87d443b970cabdf8fff0cfcab7d452a0c2',
18 silly publish   _id: 'angularoid@0.0.4',
18 silly publish   _shasum: 'f08bf01180fb60447a847d8886d82eb5d7a294a9',
18 silly publish   _from: '.' }
19 verbose getPublishConfig undefined
20 silly mapToRegistry name angularoid
21 silly mapToRegistry using default registry
22 silly mapToRegistry registry https://registry.npmjs.org/
23 silly mapToRegistry uri https://registry.npmjs.org/angularoid
24 verbose publish registryBase https://registry.npmjs.org/
25 silly publish uploading /Users/Adrian/.npm/angularoid/0.0.4/package.tgz
26 verbose request uri https://registry.npmjs.org/angularoid
27 verbose request sending authorization for write operation
28 info attempt registry request try #1 at 3:11:50 AM
29 verbose request using bearer token for auth
30 verbose request id dbb9a4c6b2974134
31 http request PUT https://registry.npmjs.org/angularoid
32 http 403 https://registry.npmjs.org/angularoid
33 verbose headers { 'content-type': 'application/json',
33 verbose headers   'cache-control': 'max-age=300',
33 verbose headers   'content-length': '95',
33 verbose headers   'accept-ranges': 'bytes',
33 verbose headers   date: 'Wed, 30 Mar 2016 01:11:52 GMT',
33 verbose headers   via: '1.1 varnish',
33 verbose headers   connection: 'keep-alive',
33 verbose headers   'x-served-by': 'cache-ams4148-AMS',
33 verbose headers   'x-cache': 'MISS',
33 verbose headers   'x-cache-hits': '0',
33 verbose headers   'x-timer': 'S1459300311.372181,VS0,VE960' }
34 verbose request invalidating /Users/Adrian/.npm/registry.npmjs.org/angularoid on PUT
35 error publish Failed PUT 403
36 verbose stack Error: "You cannot publish over the previously published version 0.0.4." : angularoid
36 verbose stack     at makeError (/usr/local/lib/node_modules/npm/node_modules/npm-registry-client/lib/request.js:264:12)
36 verbose stack     at CachingRegistryClient.<anonymous> (/usr/local/lib/node_modules/npm/node_modules/npm-registry-client/lib/request.js:252:14)
36 verbose stack     at Request._callback (/usr/local/lib/node_modules/npm/node_modules/npm-registry-client/lib/request.js:172:14)
36 verbose stack     at Request.self.callback (/usr/local/lib/node_modules/npm/node_modules/request/request.js:198:22)
36 verbose stack     at emitTwo (events.js:87:13)
36 verbose stack     at Request.emit (events.js:172:7)
36 verbose stack     at Request.<anonymous> (/usr/local/lib/node_modules/npm/node_modules/request/request.js:1082:10)
36 verbose stack     at emitOne (events.js:82:20)
36 verbose stack     at Request.emit (events.js:169:7)
36 verbose stack     at IncomingMessage.<anonymous> (/usr/local/lib/node_modules/npm/node_modules/request/request.js:1009:12)
37 verbose statusCode 403
38 verbose pkgid angularoid
39 verbose cwd /Users/Adrian/testing/angularoid
40 error Darwin 15.0.0
41 error argv "/usr/local/Cellar/node/5.0.0/bin/node" "/usr/local/bin/npm" "publish"
42 error node v5.0.0
43 error npm  v3.3.9
44 error code E403
45 error "You cannot publish over the previously published version 0.0.4." : angularoid
46 error If you need help, you may report this error at:
46 error     <https://github.com/npm/npm/issues>
47 verbose exit [ 1, true ]
